<?xml version="1.0" encoding="utf-8"?>
<assemblies timestamp="12/10/2018 13:53:03">
  <assembly name="MUXControls.Test.dll" 
    test-framework="TAEF" 
    run-date="2018-12-10" 
    run-time="13:53:03" 
    total="2" 
    passed="1" 
    failed="1" 
    skipped="0" 
    time="0.275" 
    errors="0">
    <errors />
    <collection total="2" passed="1" failed="1" skipped="0" name="Test collection for xUnitTestApp.Class1" time="0.056">
      <test name="xUnitTestApp.Class1.FailingTest" type="xUnitTestApp.Class1" method="FailingTest" time="0.0532798" result="Fail">
        <failure exception-type="TaefException">
          <message><![CDATA[Assert.Equal() Failure\r\nExpected: 5\r\nActual:   4]]></message>
        </failure>
      </test>
      <test name="xUnitTestApp.Class1.PassingTest" type="xUnitTestApp.Class1" method="PassingTest" time="0.002329" result="Pass" />
    </collection>
  </assembly>
</assemblies>