<?xml version="1.0" encoding="utf-8"?>
<assemblies>
  <assembly name="Canonicalization.Tests.dll" environment="64-bit .NET (unknown version) [collection-per-class, parallel (2 threads)]" test-framework="xUnit.net 2.2.0.3300" run-date="2018-10-16" run-time="23:50:11" total="4" passed="4" failed="0" skipped="0" time="1.310" errors="0">
    <errors />
    <collection total="4" passed="4" failed="0" skipped="0" name="Test collection for System.Runtime.Serialization.Xml.Canonicalization.Tests.XmlCanonicalizationTest" time="1.078">
      <test name="System.Runtime.Serialization.Xml.Canonicalization.Tests.XmlCanonicalizationTest.CryptoCanonicalizationTest" type="System.Runtime.Serialization.Xml.Canonicalization.Tests.XmlCanonicalizationTest" method="CryptoCanonicalizationTest" time="0.9113398" result="Pass" />
      <test name="System.Runtime.Serialization.Xml.Canonicalization.Tests.XmlCanonicalizationTest.C14NWriterNegativeTests" type="System.Runtime.Serialization.Xml.Canonicalization.Tests.XmlCanonicalizationTest" method="C14NWriterNegativeTests" time="0.0054404" result="Pass" />
      <test name="System.Runtime.Serialization.Xml.Canonicalization.Tests.XmlCanonicalizationTest.ReaderWriter_C14N_DifferentReadersWriters" type="System.Runtime.Serialization.Xml.Canonicalization.Tests.XmlCanonicalizationTest" method="ReaderWriter_C14N_DifferentReadersWriters" time="0.1532764" result="Pass" />
      <test name="System.Runtime.Serialization.Xml.Canonicalization.Tests.XmlCanonicalizationTest.TestC14NInclusivePrefixes" type="System.Runtime.Serialization.Xml.Canonicalization.Tests.XmlCanonicalizationTest" method="TestC14NInclusivePrefixes" time="0.0075479" result="Pass" />
    </collection>
  </assembly>
</assemblies>